[2026-03-03 18:30:47] Avans talebi süreci başladı. Personel ID: 99
[2026-03-03 18:30:47] Talep eden: GÖKHAN DELİGÖNÜL
[2026-03-03 18:30:47] Bildirim gidecek kullanıcı sayısı: 1
[2026-03-03 18:30:47] Bildirim oluşturuldu. Kullanıcı: 1, Sonuç: NGwmG3sw2YO1WcHMy513RDkEHaDx21RCytQAkaGc
[2026-03-03 19:37:32] Avans talebi süreci başladı. Personel ID: 99
[2026-03-03 19:37:32] Talep eden: GÖKHAN DELİGÖNÜL
[2026-03-03 19:37:32] Bildirim gidecek kullanıcı sayısı: 1
[2026-03-03 19:37:32] Bildirim oluşturuldu. Kullanıcı: 1, Sonuç: M54h1Gob32HiNrkHOoepIgl569a94U8vcHE%2BpXQa
[2026-03-03 19:40:44] Avans talebi süreci başladı. Personel ID: 99
[2026-03-03 19:40:44] Talep eden: GÖKHAN DELİGÖNÜL
[2026-03-03 19:40:44] Bildirim gidecek kullanıcı sayısı: 1
[2026-03-03 19:40:44] Bildirim oluşturuldu. Kullanıcı: 1, Sonuç: x1qkRiyCujCvejd5luesNKQsqmcoFvLNLVJ%2FEvry
[2026-03-03 19:57:03] Avans talebi süreci başladı. Personel ID: 99
[2026-03-03 19:57:03] Talep eden: GÖKHAN DELİGÖNÜL
[2026-03-03 19:57:03] Bildirim gidecek kullanıcı sayısı: 1
[2026-03-03 19:57:03] Bildirim oluşturuldu. Kullanıcı: 1, Sonuç: bHPZ3c3mfBmsy7o3LBgfoVHsotVMi77%2BKzgcfroC
[2026-03-03 20:29:25] Avans talebi süreci başladı. Personel ID: 99
[2026-03-03 20:29:25] Talep eden: GÖKHAN DELİGÖNÜL
[2026-03-03 20:29:25] Bildirim gidecek kullanıcı sayısı: 1
[2026-03-03 20:29:25] Bildirim oluşturuldu. Kullanıcı: 1, Sonuç: yTldk20s4tjIGsPqLZY5NldAOhOHckyC9dXqn%2BJx
[2026-03-03 20:52:27] Avans talebi süreci başladı. Personel ID: 99
[2026-03-03 20:52:27] Talep eden: GÖKHAN DELİGÖNÜL
[2026-03-03 20:52:27] Bildirim gidecek kullanıcı sayısı: 1
[2026-03-03 20:52:27] Bildirim oluşturuldu. Kullanıcı: 1, Sonuç: OrRFPFJNmhagcXlqrpDma2DE92nxb2pA1QNKZg6E
