[05-Feb-2026 10:41:08 Europe/Berlin] PHP Warning:  Undefined array key "firma_id" in C:\xampp\htdocs\ersan_elk\App\Model\PersonelModel.php on line 167
[05-Feb-2026 10:41:08 Europe/Berlin] PHP Fatal error:  Uncaught Error: Call to a member function where() on array in C:\xampp\htdocs\ersan_elk\views\personel-pwa\api.php:1919
Stack trace:
#0 {main}
  thrown in C:\xampp\htdocs\ersan_elk\views\personel-pwa\api.php on line 1919
[05-Feb-2026 10:41:38 Europe/Berlin] PHP Warning:  Undefined array key "firma_id" in C:\xampp\htdocs\ersan_elk\App\Model\PersonelModel.php on line 167
[05-Feb-2026 10:41:38 Europe/Berlin] PHP Fatal error:  Uncaught Error: Call to a member function where() on array in C:\xampp\htdocs\ersan_elk\views\personel-pwa\api.php:1919
Stack trace:
#0 {main}
  thrown in C:\xampp\htdocs\ersan_elk\views\personel-pwa\api.php on line 1919
[05-Feb-2026 10:43:37 Europe/Berlin] PHP Warning:  Undefined array key "firma_id" in C:\xampp\htdocs\ersan_elk\App\Model\PersonelModel.php on line 167
[05-Feb-2026 10:43:37 Europe/Berlin] PHP Fatal error:  Uncaught Error: Call to a member function where() on array in C:\xampp\htdocs\ersan_elk\views\personel-pwa\api.php:1919
Stack trace:
#0 {main}
  thrown in C:\xampp\htdocs\ersan_elk\views\personel-pwa\api.php on line 1919
[05-Feb-2026 10:46:12 Europe/Berlin] PHP Warning:  Undefined array key "firma_id" in C:\xampp\htdocs\ersan_elk\App\Model\PersonelModel.php on line 167
[05-Feb-2026 10:46:12 Europe/Berlin] PHP Fatal error:  Uncaught Error: Call to a member function where() on array in C:\xampp\htdocs\ersan_elk\views\personel-pwa\api.php:1919
Stack trace:
#0 {main}
  thrown in C:\xampp\htdocs\ersan_elk\views\personel-pwa\api.php on line 1919
[04-Mar-2026 08:55:58 Europe/Istanbul] PHP Parse error:  syntax error, unexpected token "<<" in C:\xampp\htdocs\ersan_elk\App\Model\BordroPersonelModel.php on line 981
