[2026-03-05 22:37:47] [WEBHOOK] === Webhook Bildirim Tetiklendi ===
[2026-03-05 22:37:47] [WEBHOOK] 1 görev için bildirim gönderilecek.
[2026-03-05 22:37:47] [WEBHOOK]   ✓ Görev #2 → Personel #1 bildirim gönderildi.
[2026-03-05 22:37:47] [WEBHOOK] Sonuç: 1 başarılı, 0 başarısız.
[2026-03-05 22:37:47] [WEBHOOK] Webhook Cron Tamamlandı. Süre: 388.45ms

[2026-03-05 23:37:57] [WEBHOOK] === Webhook Bildirim Tetiklendi ===
[2026-03-05 23:37:57] [WEBHOOK] Bildirim bekleyen görev yok.
[2026-03-05 23:37:57] [WEBHOOK] Webhook Cron Tamamlandı. Süre: 34.73ms

[2026-03-05 23:38:03] [WEBHOOK] === Webhook Bildirim Tetiklendi ===
[2026-03-05 23:38:03] [WEBHOOK] Bildirim bekleyen görev yok.
[2026-03-05 23:38:03] [WEBHOOK] Webhook Cron Tamamlandı. Süre: 27.67ms

[2026-03-05 23:38:06] [WEBHOOK] === Webhook Bildirim Tetiklendi ===
[2026-03-05 23:38:06] [WEBHOOK] Bildirim bekleyen görev yok.
[2026-03-05 23:38:06] [WEBHOOK] Webhook Cron Tamamlandı. Süre: 24.27ms

[2026-03-05 23:42:05] [WEBHOOK] === Webhook Bildirim Tetiklendi ===
[2026-03-05 23:42:05] [WEBHOOK] Bildirim bekleyen görev yok.
[2026-03-05 23:42:05] [WEBHOOK] Webhook Cron Tamamlandı. Süre: 58.49ms

[2026-03-05 23:42:07] [WEBHOOK] === Webhook Bildirim Tetiklendi ===
[2026-03-05 23:42:07] [WEBHOOK] Bildirim bekleyen görev yok.
[2026-03-05 23:42:07] [WEBHOOK] Webhook Cron Tamamlandı. Süre: 28.5ms

[2026-03-05 23:42:22] [WEBHOOK] === Webhook Bildirim Tetiklendi ===
[2026-03-05 23:42:22] [WEBHOOK] 1 görev için bildirim süreci başladı.
[2026-03-05 23:42:22] [WEBHOOK]   ✓ Görev #2 → Personel #1 bildirim gönderildi.
[2026-03-05 23:42:22] [WEBHOOK] Sonuç: 1 görev işlendi, 0 hata.
[2026-03-05 23:42:22] [WEBHOOK] Webhook Cron Tamamlandı. Süre: 73.69ms

[2026-03-05 23:47:07] [WEBHOOK] === Webhook Bildirim Tetiklendi ===
[2026-03-05 23:47:07] [WEBHOOK] 1 görev için bildirim süreci başladı.
[2026-03-05 23:47:07] [WEBHOOK]   ✓ Görev #2 → Personel #1 bildirim gönderildi.
[2026-03-05 23:47:07] [WEBHOOK] Sonuç: 1 görev işlendi, 0 hata.
[2026-03-05 23:47:07] [WEBHOOK] Webhook Cron Tamamlandı. Süre: 93.72ms

