--- 2026-02-07 11:26:48 ---
Personel: 103, Sonuç: ABONE ALMIŞ (Lower: abone almiş), Miktar: 1, İşlemID: 2e103b8c8b650c910a0ce805b4f33063
İade Aday Sayısı: 0 (Aranan: abone almiş)
İşlem Bitti.

--- 2026-02-07 11:26:48 ---
Personel: 103, Sonuç: ABONESİZ KESİLDİ (Lower: abonesi̇z kesi̇ldi̇), Miktar: 1, İşlemID: a2abf189d0aeeff159574833f6fb21e6
İade Aday Sayısı: 0 (Aranan: abonesi̇z kesi̇ldi̇)
İşlem Bitti.

--- 2026-02-07 11:26:48 ---
Personel: 103, Sonuç: ARA SAYAÇ (Lower: ara sayaç), Miktar: 2, İşlemID: f4acc0c9b430d96070a0cc188ebe6e5c
İade Aday Sayısı: 0 (Aranan: ara sayaç)
İşlem Bitti.

--- 2026-02-07 11:26:48 ---
Personel: 103, Sonuç: SAYAÇ KASKİYE ALINDI (Lower: sayaç kaski̇ye alindi), Miktar: 2, İşlemID: b57452a0ac88439fa67a88274502776b
İade Aday Sayısı: 0 (Aranan: sayaç kaski̇ye alindi)
İşlem Bitti.

--- 2026-02-07 11:26:48 ---
Personel: 103, Sonuç: TAPA SAĞLAM (Lower: tapa sağlam), Miktar: 1, İşlemID: 751469b5ba4bf094247be7655a1ef02e
İade Aday Sayısı: 0 (Aranan: tapa sağlam)
İşlem Bitti.

--- 2026-02-07 11:26:48 ---
Personel: 135, Sonuç: Sayaç Kullanıma açıldı (Lower: sayaç kullanıma açıldı), Miktar: 5, İşlemID: 4f5419af10b25dacdbb7731f79df59e3
İade Aday Sayısı: 0 (Aranan: sayaç kullanıma açıldı)
İşlem Bitti.

--- 2026-02-07 11:26:48 ---
Personel: 118, Sonuç: Sayaç Kullanıma açıldı (Lower: sayaç kullanıma açıldı), Miktar: 21, İşlemID: 7af2a5ca37834b40c0afd8e87e1b5c9c
İade Aday Sayısı: 0 (Aranan: sayaç kullanıma açıldı)
İşlem Bitti.

--- 2026-02-07 11:26:48 ---
Personel: 142, Sonuç: Sayaç Kullanıma açıldı (Lower: sayaç kullanıma açıldı), Miktar: 1, İşlemID: 8426aa2b27477c9cda81034c63fbf91e
İade Aday Sayısı: 0 (Aranan: sayaç kullanıma açıldı)
İşlem Bitti.

--- 2026-02-07 11:26:48 ---
Personel: 77, Sonuç: Sayaç Kullanıma açıldı (Lower: sayaç kullanıma açıldı), Miktar: 17, İşlemID: fceb2336715c9732d5c0eb248572e27d
İade Aday Sayısı: 0 (Aranan: sayaç kullanıma açıldı)
İşlem Bitti.

--- 2026-02-07 11:26:48 ---
Personel: 145, Sonuç: Sayaç Kullanıma açıldı (Lower: sayaç kullanıma açıldı), Miktar: 16, İşlemID: 5cfe0d3024199f97e72e1bc43db12515
İade Aday Sayısı: 0 (Aranan: sayaç kullanıma açıldı)
İşlem Bitti.

--- 2026-02-07 11:26:48 ---
Personel: 80, Sonuç: Sayaç Kullanıma açıldı (Lower: sayaç kullanıma açıldı), Miktar: 8, İşlemID: a9de2260616d6395e6c79d964b77a138
İade Aday Sayısı: 0 (Aranan: sayaç kullanıma açıldı)
İşlem Bitti.

--- 2026-02-07 11:26:48 ---
Personel: 127, Sonuç: Sayaç Kullanıma açıldı (Lower: sayaç kullanıma açıldı), Miktar: 15, İşlemID: 7f27b22cff58af1f34e7ca1f1c826b04
İade Aday Sayısı: 0 (Aranan: sayaç kullanıma açıldı)
İşlem Bitti.

--- 2026-02-07 11:26:48 ---
Personel: 122, Sonuç: Sayaç Kullanıma açıldı (Lower: sayaç kullanıma açıldı), Miktar: 8, İşlemID: 7a8bfd9d5c187d49638248fb2167f47e
İade Aday Sayısı: 0 (Aranan: sayaç kullanıma açıldı)
İşlem Bitti.

--- 2026-02-07 11:26:48 ---
Personel: 143, Sonuç: Sayaç Kullanıma açıldı (Lower: sayaç kullanıma açıldı), Miktar: 29, İşlemID: de1abcf05798d980f27558a797350855
İade Aday Sayısı: 0 (Aranan: sayaç kullanıma açıldı)
İşlem Bitti.

--- 2026-02-07 11:26:48 ---
Personel: 120, Sonuç: Sayaç Kullanıma açıldı (Lower: sayaç kullanıma açıldı), Miktar: 11, İşlemID: 6c1c5350398b4bef04de1d28e19d37b1
İade Aday Sayısı: 0 (Aranan: sayaç kullanıma açıldı)
İşlem Bitti.

--- 2026-02-07 11:26:48 ---
Personel: 109, Sonuç: Sayaç Kullanıma açıldı (Lower: sayaç kullanıma açıldı), Miktar: 8, İşlemID: 96cb969114aff88f23f1f08ccd3df655
İade Aday Sayısı: 0 (Aranan: sayaç kullanıma açıldı)
İşlem Bitti.

--- 2026-02-07 11:26:48 ---
Personel: 103, Sonuç: KULLANIM YOK (Lower: kullanim yok), Miktar: 2, İşlemID: 83fe32f84504142cbf0f61c950a613ed
İade Aday Sayısı: 0 (Aranan: kullanim yok)
İşlem Bitti.

--- 2026-02-07 11:26:48 ---
Personel: 103, Sonuç: TAPA SAĞLAM (Lower: tapa sağlam), Miktar: 1, İşlemID: 96cfada11d15556049e95f92b040f8d9
İade Aday Sayısı: 0 (Aranan: tapa sağlam)
İşlem Bitti.

--- 2026-02-07 11:26:48 ---
Personel: 135, Sonuç: APARAT KIRMA ÜCRETİ (Lower: aparat kirma ücreti̇), Miktar: 1, İşlemID: 339d3b0e7e3cb1938e3343e7d907814f
İade Aday Sayısı: 0 (Aranan: aparat kirma ücreti̇)
İşlem Bitti.

--- 2026-02-07 11:26:48 ---
Personel: 135, Sonuç: APARATLA KESİM YAPILDI. (Lower: aparatla kesi̇m yapildi.), Miktar: 7, İşlemID: f26689ef120474eb5e1a185579e1f5ef
İade Aday Sayısı: 0 (Aranan: aparatla kesi̇m yapildi.)
İşlem Bitti.

--- 2026-02-07 11:26:48 ---
Personel: 135, Sonuç: Kapalı (Lower: kapalı), Miktar: 9, İşlemID: e2a81e18c232b0f41e46a7480db40197
İade Aday Sayısı: 0 (Aranan: kapalı)
İşlem Bitti.

--- 2026-02-07 11:26:48 ---
Personel: 135, Sonuç: TAPA SAĞLAM (Lower: tapa sağlam), Miktar: 3, İşlemID: ce430db215701af853477bb559ac86fc
İade Aday Sayısı: 0 (Aranan: tapa sağlam)
İşlem Bitti.

--- 2026-02-07 11:26:48 ---
Personel: 135, Sonuç: Ödeme Yaptırıldı (Lower: ödeme yaptırıldı), Miktar: 23, İşlemID: 65d896c47d2d13a8668f496399d47443
İade Aday Sayısı: 0 (Aranan: ödeme yaptırıldı)
İşlem Bitti.

--- 2026-02-07 11:26:48 ---
Personel: 118, Sonuç: APARAT KIRMA ÜCRETİ (Lower: aparat kirma ücreti̇), Miktar: 3, İşlemID: 9a717128ad53a6ffde4f3c7371f23667
İade Aday Sayısı: 0 (Aranan: aparat kirma ücreti̇)
İşlem Bitti.

--- 2026-02-07 11:26:48 ---
Personel: 118, Sonuç: APARATLA KESİM YAPILDI. (Lower: aparatla kesi̇m yapildi.), Miktar: 19, İşlemID: 7e246e8a50bb98e372e5fdf18856ceda
İade Aday Sayısı: 0 (Aranan: aparatla kesi̇m yapildi.)
İşlem Bitti.

--- 2026-02-07 11:26:48 ---
Personel: 118, Sonuç: Kapalı (Lower: kapalı), Miktar: 2, İşlemID: 879b8151ac670448f7a6178b06c1a2f4
İade Aday Sayısı: 0 (Aranan: kapalı)
İşlem Bitti.

--- 2026-02-07 11:26:48 ---
Personel: 118, Sonuç: TAPA SAĞLAM (Lower: tapa sağlam), Miktar: 1, İşlemID: b6226adf8c8543c6ca5037a92e29405c
İade Aday Sayısı: 0 (Aranan: tapa sağlam)
İşlem Bitti.

--- 2026-02-07 11:26:48 ---
Personel: 142, Sonuç: APARAT KIRMA ÜCRETİ (Lower: aparat kirma ücreti̇), Miktar: 2, İşlemID: 099efe328935f6d098a4d4db76702fdf
İade Aday Sayısı: 0 (Aranan: aparat kirma ücreti̇)
İşlem Bitti.

--- 2026-02-07 11:26:48 ---
Personel: 142, Sonuç: APARATLA KESİM YAPILDI. (Lower: aparatla kesi̇m yapildi.), Miktar: 6, İşlemID: 3355da863bc3e2753193be2345473c0f
İade Aday Sayısı: 0 (Aranan: aparatla kesi̇m yapildi.)
İşlem Bitti.

--- 2026-02-07 11:26:48 ---
Personel: 142, Sonuç: Kapalı (Lower: kapalı), Miktar: 6, İşlemID: edf6ca920bd3b4ee74c3f4e78482a982
İade Aday Sayısı: 0 (Aranan: kapalı)
İşlem Bitti.

--- 2026-02-07 11:26:48 ---
Personel: 142, Sonuç: TAPA SAĞLAM (Lower: tapa sağlam), Miktar: 1, İşlemID: d2ad6be58ec0bddf20665e7da0442df9
İade Aday Sayısı: 0 (Aranan: tapa sağlam)
İşlem Bitti.

--- 2026-02-07 11:26:48 ---
Personel: 142, Sonuç: Ödeme Yaptırıldı (Lower: ödeme yaptırıldı), Miktar: 35, İşlemID: bec2d75d694bbf8f9bc1c939a1c3a314
İade Aday Sayısı: 0 (Aranan: ödeme yaptırıldı)
İşlem Bitti.

--- 2026-02-07 11:26:48 ---
Personel: 77, Sonuç: ABONE MÜSADE ETMEDİ. (Lower: abone müsade etmedi̇.), Miktar: 1, İşlemID: 7b9ca233a1b7b1033cd8cf4b9b40d0f7
İade Aday Sayısı: 0 (Aranan: abone müsade etmedi̇.)
İşlem Bitti.

--- 2026-02-07 11:26:48 ---
Personel: 77, Sonuç: APARAT KIRMA ÜCRETİ (Lower: aparat kirma ücreti̇), Miktar: 3, İşlemID: e9d10c553da8984fd6ff07d139e6308c
İade Aday Sayısı: 0 (Aranan: aparat kirma ücreti̇)
İşlem Bitti.

--- 2026-02-07 11:26:48 ---
Personel: 77, Sonuç: APARATLA KESİM YAPILDI. (Lower: aparatla kesi̇m yapildi.), Miktar: 21, İşlemID: 2f71cdc4da53bc465b65700b971ddd0e
İade Aday Sayısı: 0 (Aranan: aparatla kesi̇m yapildi.)
İşlem Bitti.

--- 2026-02-07 11:26:48 ---
Personel: 77, Sonuç: Kapalı (Lower: kapalı), Miktar: 1, İşlemID: ac9f388d97cfa19624cdfd97a8d16ec6
İade Aday Sayısı: 0 (Aranan: kapalı)
İşlem Bitti.

--- 2026-02-07 11:26:48 ---
Personel: 77, Sonuç: TAPA SAĞLAM (Lower: tapa sağlam), Miktar: 1, İşlemID: 6dc84763bc7f4b7bf800edbb2615846f
İade Aday Sayısı: 0 (Aranan: tapa sağlam)
İşlem Bitti.

--- 2026-02-07 11:26:48 ---
Personel: 77, Sonuç: Ödeme Yaptırıldı (Lower: ödeme yaptırıldı), Miktar: 2, İşlemID: ce8ccaa7a76cd5360d3c84594262f1b7
İade Aday Sayısı: 0 (Aranan: ödeme yaptırıldı)
İşlem Bitti.

--- 2026-02-07 11:26:48 ---
Personel: 145, Sonuç: ABONE MÜSADE ETMEDİ. (Lower: abone müsade etmedi̇.), Miktar: 2, İşlemID: 447288be270e31d376c26870e5008765
İade Aday Sayısı: 0 (Aranan: abone müsade etmedi̇.)
İşlem Bitti.

--- 2026-02-07 11:26:49 ---
Personel: 145, Sonuç: APARAT KIRMA ÜCRETİ (Lower: aparat kirma ücreti̇), Miktar: 3, İşlemID: 4815355f72bd0e7ec081d31ae55718d2
İade Aday Sayısı: 0 (Aranan: aparat kirma ücreti̇)
İşlem Bitti.

--- 2026-02-07 11:26:49 ---
Personel: 145, Sonuç: APARATLA KESİM YAPILDI. (Lower: aparatla kesi̇m yapildi.), Miktar: 22, İşlemID: 43cb2d9fb2293f6222267a9a55eebeaf
İade Aday Sayısı: 0 (Aranan: aparatla kesi̇m yapildi.)
İşlem Bitti.

--- 2026-02-07 11:26:49 ---
Personel: 145, Sonuç: Kapalı (Lower: kapalı), Miktar: 4, İşlemID: fad2787825bef254977aa90e832a639d
İade Aday Sayısı: 0 (Aranan: kapalı)
İşlem Bitti.

--- 2026-02-07 11:26:49 ---
Personel: 145, Sonuç: TAPA SAĞLAM (Lower: tapa sağlam), Miktar: 7, İşlemID: 06294657667ae40e1382e2dcede4fb23
İade Aday Sayısı: 0 (Aranan: tapa sağlam)
İşlem Bitti.

--- 2026-02-07 11:26:49 ---
Personel: 145, Sonuç: Ödeme Yaptırıldı (Lower: ödeme yaptırıldı), Miktar: 5, İşlemID: 20e331f2657a7f0448155c397856be79
İade Aday Sayısı: 0 (Aranan: ödeme yaptırıldı)
İşlem Bitti.

--- 2026-02-07 11:26:49 ---
Personel: 80, Sonuç: APARAT KIRMA ÜCRETİ (Lower: aparat kirma ücreti̇), Miktar: 1, İşlemID: d2ac613745cbeef09d8f3cca340db0dd
İade Aday Sayısı: 0 (Aranan: aparat kirma ücreti̇)
İşlem Bitti.

--- 2026-02-07 11:26:49 ---
Personel: 80, Sonuç: APARATLA KESİM YAPILDI. (Lower: aparatla kesi̇m yapildi.), Miktar: 14, İşlemID: 652c07e83be7ea9e07a71492f059fb63
İade Aday Sayısı: 0 (Aranan: aparatla kesi̇m yapildi.)
İşlem Bitti.

--- 2026-02-07 11:26:49 ---
Personel: 80, Sonuç: Kapalı (Lower: kapalı), Miktar: 1, İşlemID: c8aeeb93965aa61c9fad73e739bb8d2c
İade Aday Sayısı: 0 (Aranan: kapalı)
İşlem Bitti.

--- 2026-02-07 11:26:49 ---
Personel: 80, Sonuç: TAPA SAĞLAM (Lower: tapa sağlam), Miktar: 5, İşlemID: 7aa060bb1fae44f61eaf3402b230c8b9
İade Aday Sayısı: 0 (Aranan: tapa sağlam)
İşlem Bitti.

--- 2026-02-07 11:26:49 ---
Personel: 80, Sonuç: Ödeme Yaptırıldı (Lower: ödeme yaptırıldı), Miktar: 37, İşlemID: 4cc06224e9aac17f62692fa2f4cbf4fa
İade Aday Sayısı: 0 (Aranan: ödeme yaptırıldı)
İşlem Bitti.

--- 2026-02-07 11:26:49 ---
Personel: 127, Sonuç: ABONE MÜSADE ETMEDİ. (Lower: abone müsade etmedi̇.), Miktar: 5, İşlemID: 2fa8727cb3acb216f7a50a2ef5fa84f2
İade Aday Sayısı: 0 (Aranan: abone müsade etmedi̇.)
İşlem Bitti.

--- 2026-02-07 11:26:49 ---
Personel: 127, Sonuç: APARATLA KESİM YAPILDI. (Lower: aparatla kesi̇m yapildi.), Miktar: 15, İşlemID: fd34e905a263ac1489144c35062c6a56
İade Aday Sayısı: 0 (Aranan: aparatla kesi̇m yapildi.)
İşlem Bitti.

--- 2026-02-07 11:26:49 ---
Personel: 127, Sonuç: Kapalı (Lower: kapalı), Miktar: 8, İşlemID: d5440ddb2d27d84cc3ab475d2aecd623
İade Aday Sayısı: 0 (Aranan: kapalı)
İşlem Bitti.

--- 2026-02-07 11:26:49 ---
Personel: 127, Sonuç: TAPA SAĞLAM (Lower: tapa sağlam), Miktar: 2, İşlemID: 4c98f4782207b7c56e550dc52b3c08d1
İade Aday Sayısı: 0 (Aranan: tapa sağlam)
İşlem Bitti.

--- 2026-02-07 11:26:49 ---
Personel: 141, Sonuç: Ödeme Yaptırıldı (Lower: ödeme yaptırıldı), Miktar: 11, İşlemID: abdcafa8b0212c0d96b99d45360fa18e
İade Aday Sayısı: 0 (Aranan: ödeme yaptırıldı)
İşlem Bitti.

--- 2026-02-07 11:26:49 ---
Personel: 101, Sonuç: Ödeme Yaptırıldı (Lower: ödeme yaptırıldı), Miktar: 7, İşlemID: b4657e6df93ba09a2ccc959f6636a1c0
İade Aday Sayısı: 0 (Aranan: ödeme yaptırıldı)
İşlem Bitti.

--- 2026-02-07 11:26:49 ---
Personel: 122, Sonuç: APARATLA KESİM YAPILDI. (Lower: aparatla kesi̇m yapildi.), Miktar: 11, İşlemID: 2e86a45a62f2ed8669d2a7af8b3e353c
İade Aday Sayısı: 0 (Aranan: aparatla kesi̇m yapildi.)
İşlem Bitti.

--- 2026-02-07 11:26:49 ---
Personel: 122, Sonuç: Kapalı (Lower: kapalı), Miktar: 2, İşlemID: d1cf2eb15f2535081f642fa4fc935c5c
İade Aday Sayısı: 0 (Aranan: kapalı)
İşlem Bitti.

--- 2026-02-07 11:26:49 ---
Personel: 122, Sonuç: Ödeme Yaptırıldı (Lower: ödeme yaptırıldı), Miktar: 18, İşlemID: 9d53553305f294b5a2ef546590172037
İade Aday Sayısı: 0 (Aranan: ödeme yaptırıldı)
İşlem Bitti.

--- 2026-02-07 11:26:49 ---
Personel: 146, Sonuç: Ödeme Yaptırıldı (Lower: ödeme yaptırıldı), Miktar: 9, İşlemID: 798c33b0352b8f591ce6a9b1d7cd5258
İade Aday Sayısı: 0 (Aranan: ödeme yaptırıldı)
İşlem Bitti.

--- 2026-02-07 11:26:49 ---
Personel: 139, Sonuç: Ödeme Yaptırıldı (Lower: ödeme yaptırıldı), Miktar: 9, İşlemID: acba8825bf2a5e48bf4173a5c254ddd2
İade Aday Sayısı: 0 (Aranan: ödeme yaptırıldı)
İşlem Bitti.

--- 2026-02-07 11:26:49 ---
Personel: 128, Sonuç: Ödeme Yaptırıldı (Lower: ödeme yaptırıldı), Miktar: 2, İşlemID: 39e27d5ea853f846a63d094a8a02546f
İade Aday Sayısı: 0 (Aranan: ödeme yaptırıldı)
İşlem Bitti.

--- 2026-02-07 11:26:49 ---
Personel: 115, Sonuç: Ödeme Yaptırıldı (Lower: ödeme yaptırıldı), Miktar: 8, İşlemID: 9eb788d42c1446ff8d83fbd6c1cc345a
İade Aday Sayısı: 0 (Aranan: ödeme yaptırıldı)
İşlem Bitti.

--- 2026-02-07 11:26:49 ---
Personel: 123, Sonuç: Ödeme Yaptırıldı (Lower: ödeme yaptırıldı), Miktar: 62, İşlemID: cbcc969734946104d85b1fc9414e7c40
İade Aday Sayısı: 0 (Aranan: ödeme yaptırıldı)
İşlem Bitti.

--- 2026-02-07 11:26:49 ---
Personel: 113, Sonuç: ADREŞ YANLIŞ ABONE (Lower: adreş yanliş abone), Miktar: 9, İşlemID: 570240c8434b585c3093f9fbae53350d
İade Aday Sayısı: 0 (Aranan: adreş yanliş abone)
İşlem Bitti.

--- 2026-02-07 11:26:49 ---
Personel: 113, Sonuç: APARAT KIRMA ÜCRETİ (Lower: aparat kirma ücreti̇), Miktar: 2, İşlemID: b11676906af9a92ea17d4ac30e8fb1f6
İade Aday Sayısı: 0 (Aranan: aparat kirma ücreti̇)
İşlem Bitti.

--- 2026-02-07 11:26:49 ---
Personel: 113, Sonuç: APARATLA KESİM YAPILDI. (Lower: aparatla kesi̇m yapildi.), Miktar: 4, İşlemID: 0750ba162d2a4db63954d0f943e6b365
İade Aday Sayısı: 0 (Aranan: aparatla kesi̇m yapildi.)
İşlem Bitti.

--- 2026-02-07 11:26:49 ---
Personel: 113, Sonuç: Kapalı (Lower: kapalı), Miktar: 15, İşlemID: 323f0eca872c74de7840826805350430
İade Aday Sayısı: 0 (Aranan: kapalı)
İşlem Bitti.

--- 2026-02-07 11:26:49 ---
Personel: 113, Sonuç: Ödeme Yaptırıldı (Lower: ödeme yaptırıldı), Miktar: 1, İşlemID: 291ce177e860c93b5e5ba41c86c62ce4
İade Aday Sayısı: 0 (Aranan: ödeme yaptırıldı)
İşlem Bitti.

--- 2026-02-07 11:26:49 ---
Personel: 143, Sonuç: ADREŞ YANLIŞ ABONE (Lower: adreş yanliş abone), Miktar: 1, İşlemID: c42bc027ac15c6604702ef56314d391d
İade Aday Sayısı: 0 (Aranan: adreş yanliş abone)
İşlem Bitti.

--- 2026-02-07 11:26:49 ---
Personel: 143, Sonuç: APARAT KIRMA ÜCRETİ (Lower: aparat kirma ücreti̇), Miktar: 2, İşlemID: 5f8f2b04485a598c2d0ebc9fc9877365
İade Aday Sayısı: 0 (Aranan: aparat kirma ücreti̇)
İşlem Bitti.

--- 2026-02-07 11:26:49 ---
Personel: 143, Sonuç: APARATLA KESİM YAPILDI. (Lower: aparatla kesi̇m yapildi.), Miktar: 22, İşlemID: 3485ea6972ebee0dabb35faee7d39334
İade Aday Sayısı: 0 (Aranan: aparatla kesi̇m yapildi.)
İşlem Bitti.

--- 2026-02-07 11:26:49 ---
Personel: 143, Sonuç: DEPREMDE YIKILMIŞ (Lower: depremde yikilmiş), Miktar: 1, İşlemID: ad89797dbb78a07043f05a2ce8cc7423
İade Aday Sayısı: 0 (Aranan: depremde yikilmiş)
İşlem Bitti.

--- 2026-02-07 11:26:49 ---
Personel: 143, Sonuç: Kapalı (Lower: kapalı), Miktar: 1, İşlemID: 08a1b138e41e10db33f39764dd77b933
İade Aday Sayısı: 0 (Aranan: kapalı)
İşlem Bitti.

--- 2026-02-07 11:26:49 ---
Personel: 143, Sonuç: TAPA SAĞLAM (Lower: tapa sağlam), Miktar: 3, İşlemID: 4c668019e91a9ab6cad25f877ec95d7e
İade Aday Sayısı: 0 (Aranan: tapa sağlam)
İşlem Bitti.

--- 2026-02-07 11:26:49 ---
Personel: 143, Sonuç: Ödeme Yaptırıldı (Lower: ödeme yaptırıldı), Miktar: 7, İşlemID: 1d2691a4b48d3ed2ba6b27159dd8c3e8
İade Aday Sayısı: 0 (Aranan: ödeme yaptırıldı)
İşlem Bitti.

--- 2026-02-07 11:26:49 ---
Personel: 120, Sonuç: ABONE MÜSADE ETMEDİ. (Lower: abone müsade etmedi̇.), Miktar: 19, İşlemID: 446d52f0bad40e2df96a508173221ad6
İade Aday Sayısı: 0 (Aranan: abone müsade etmedi̇.)
İşlem Bitti.

--- 2026-02-07 11:26:49 ---
Personel: 120, Sonuç: ADREŞ YANLIŞ ABONE (Lower: adreş yanliş abone), Miktar: 27, İşlemID: 58b817023afad527c97b574078e8516d
İade Aday Sayısı: 0 (Aranan: adreş yanliş abone)
İşlem Bitti.

--- 2026-02-07 11:26:49 ---
Personel: 120, Sonuç: APARAT KIRMA ÜCRETİ (Lower: aparat kirma ücreti̇), Miktar: 1, İşlemID: 64efeefc5e143531f3b27a882fce7659
İade Aday Sayısı: 0 (Aranan: aparat kirma ücreti̇)
İşlem Bitti.

--- 2026-02-07 11:26:49 ---
Personel: 120, Sonuç: APARATLA KESİM YAPILDI. (Lower: aparatla kesi̇m yapildi.), Miktar: 15, İşlemID: bc6129b29870188a4e33b2babfc8a26a
İade Aday Sayısı: 0 (Aranan: aparatla kesi̇m yapildi.)
İşlem Bitti.

--- 2026-02-07 11:26:49 ---
Personel: 120, Sonuç: DEPREMDE YIKILMIŞ (Lower: depremde yikilmiş), Miktar: 7, İşlemID: 16b380cfab8710110dc019c9624ea879
İade Aday Sayısı: 0 (Aranan: depremde yikilmiş)
İşlem Bitti.

--- 2026-02-07 11:26:49 ---
Personel: 120, Sonuç: Kapalı (Lower: kapalı), Miktar: 29, İşlemID: 1d5a3be7abd6e2bc65a44bf2d603e51e
İade Aday Sayısı: 0 (Aranan: kapalı)
İşlem Bitti.

--- 2026-02-07 11:26:49 ---
Personel: 120, Sonuç: TAPA SAĞLAM (Lower: tapa sağlam), Miktar: 1, İşlemID: 11e118800296a33b5cc0ccf3ebeeb8fa
İade Aday Sayısı: 0 (Aranan: tapa sağlam)
İşlem Bitti.

--- 2026-02-07 11:26:49 ---
Personel: 120, Sonuç: Ödeme Yaptırıldı (Lower: ödeme yaptırıldı), Miktar: 17, İşlemID: 6b1a56e4b077f12ed2eade1e8ecd3997
İade Aday Sayısı: 0 (Aranan: ödeme yaptırıldı)
İşlem Bitti.

--- 2026-02-07 11:26:49 ---
Personel: 98, Sonuç: ADREŞ YANLIŞ ABONE (Lower: adreş yanliş abone), Miktar: 1, İşlemID: 29ff82df5298679c36e24e0fb9dda3dc
İade Aday Sayısı: 0 (Aranan: adreş yanliş abone)
İşlem Bitti.

--- 2026-02-07 11:26:49 ---
Personel: 98, Sonuç: Ödeme Yaptırıldı (Lower: ödeme yaptırıldı), Miktar: 4, İşlemID: b492d544cfb7165d0e98fad5cf95eec9
İade Aday Sayısı: 0 (Aranan: ödeme yaptırıldı)
İşlem Bitti.

--- 2026-02-07 11:26:49 ---
Personel: 109, Sonuç: ABONE MÜSADE ETMEDİ. (Lower: abone müsade etmedi̇.), Miktar: 4, İşlemID: d2a76cff338b901fcd514f2bf80fade8
İade Aday Sayısı: 0 (Aranan: abone müsade etmedi̇.)
İşlem Bitti.

--- 2026-02-07 11:26:49 ---
Personel: 109, Sonuç: ADREŞ YANLIŞ ABONE (Lower: adreş yanliş abone), Miktar: 2, İşlemID: 83ec3fb38bda240f7766bea2ea1fca9a
İade Aday Sayısı: 0 (Aranan: adreş yanliş abone)
İşlem Bitti.

--- 2026-02-07 11:26:49 ---
Personel: 109, Sonuç: APARAT KIRMA ÜCRETİ (Lower: aparat kirma ücreti̇), Miktar: 1, İşlemID: a2760a225b5e1504cced7a207829dc3d
İade Aday Sayısı: 0 (Aranan: aparat kirma ücreti̇)
İşlem Bitti.

--- 2026-02-07 11:26:49 ---
Personel: 109, Sonuç: APARATLA KESİM YAPILDI. (Lower: aparatla kesi̇m yapildi.), Miktar: 6, İşlemID: 7e0fcc9e9e204ffacfa49b437e3094c8
İade Aday Sayısı: 0 (Aranan: aparatla kesi̇m yapildi.)
İşlem Bitti.

--- 2026-02-07 11:26:49 ---
Personel: 109, Sonuç: Kapalı (Lower: kapalı), Miktar: 10, İşlemID: dd3e6f72e9dd3d3e0f0e905c6397b33c
İade Aday Sayısı: 0 (Aranan: kapalı)
İşlem Bitti.

--- 2026-02-07 11:26:49 ---
Personel: 109, Sonuç: Ödeme Yaptırıldı (Lower: ödeme yaptırıldı), Miktar: 9, İşlemID: 456bb1ba02b4292f7b9feb580cdcbbe2
İade Aday Sayısı: 0 (Aranan: ödeme yaptırıldı)
İşlem Bitti.

--- 2026-02-07 11:34:05 ---
Personel: 103, Sonuç: ABONE ALMIŞ, Miktar: 1, İşlemID: 2e103b8c8b650c910a0ce805b4f33063
Zimmet Aday Sayısı: 0
İade Aday Sayısı: 0
İşlem Bitti.

--- 2026-02-07 11:34:06 ---
Personel: 103, Sonuç: ABONESİZ KESİLDİ, Miktar: 1, İşlemID: a2abf189d0aeeff159574833f6fb21e6
Zimmet Aday Sayısı: 0
İade Aday Sayısı: 0
İşlem Bitti.

--- 2026-02-07 11:34:07 ---
Personel: 103, Sonuç: ARA SAYAÇ, Miktar: 2, İşlemID: f4acc0c9b430d96070a0cc188ebe6e5c
Zimmet Aday Sayısı: 0
İade Aday Sayısı: 0
İşlem Bitti.

--- 2026-02-07 11:34:08 ---
Personel: 103, Sonuç: SAYAÇ KASKİYE ALINDI, Miktar: 2, İşlemID: b57452a0ac88439fa67a88274502776b
Zimmet Aday Sayısı: 0
İade Aday Sayısı: 0
İşlem Bitti.

--- 2026-02-07 11:34:09 ---
Personel: 103, Sonuç: TAPA SAĞLAM, Miktar: 1, İşlemID: 751469b5ba4bf094247be7655a1ef02e
Zimmet Aday Sayısı: 0
İade Aday Sayısı: 0
İşlem Bitti.

--- 2026-02-07 11:34:10 ---
Personel: 135, Sonuç: Sayaç Kullanıma açıldı, Miktar: 5, İşlemID: 4f5419af10b25dacdbb7731f79df59e3
Zimmet Aday Sayısı: 0
İade Aday Sayısı: 0
İşlem Bitti.

--- 2026-02-07 11:34:12 ---
Personel: 118, Sonuç: Sayaç Kullanıma açıldı, Miktar: 21, İşlemID: 7af2a5ca37834b40c0afd8e87e1b5c9c
Zimmet Aday Sayısı: 0
İade Aday Sayısı: 0
İşlem Bitti.

--- 2026-02-07 11:34:15 ---
Personel: 142, Sonuç: Sayaç Kullanıma açıldı, Miktar: 1, İşlemID: 8426aa2b27477c9cda81034c63fbf91e
Zimmet Aday Sayısı: 0
İade Aday Sayısı: 0
İşlem Bitti.

--- 2026-02-07 11:34:17 ---
Personel: 77, Sonuç: Sayaç Kullanıma açıldı, Miktar: 17, İşlemID: fceb2336715c9732d5c0eb248572e27d
Zimmet Aday Sayısı: 0
İade Aday Sayısı: 0
İşlem Bitti.

--- 2026-02-07 11:34:19 ---
Personel: 145, Sonuç: Sayaç Kullanıma açıldı, Miktar: 16, İşlemID: 5cfe0d3024199f97e72e1bc43db12515
Zimmet Aday Sayısı: 0
İade Aday Sayısı: 0
İşlem Bitti.

--- 2026-02-07 11:34:20 ---
Personel: 80, Sonuç: Sayaç Kullanıma açıldı, Miktar: 8, İşlemID: a9de2260616d6395e6c79d964b77a138
Zimmet Aday Sayısı: 0
İade Aday Sayısı: 0
İşlem Bitti.

--- 2026-02-07 11:34:20 ---
Personel: 127, Sonuç: Sayaç Kullanıma açıldı, Miktar: 15, İşlemID: 7f27b22cff58af1f34e7ca1f1c826b04
Zimmet Aday Sayısı: 0
İade Aday Sayısı: 0
İşlem Bitti.

--- 2026-02-07 11:34:21 ---
Personel: 122, Sonuç: Sayaç Kullanıma açıldı, Miktar: 8, İşlemID: 7a8bfd9d5c187d49638248fb2167f47e
Zimmet Aday Sayısı: 0
İade Aday Sayısı: 0
İşlem Bitti.

--- 2026-02-07 11:34:22 ---
Personel: 143, Sonuç: Sayaç Kullanıma açıldı, Miktar: 29, İşlemID: de1abcf05798d980f27558a797350855
Zimmet Aday Sayısı: 0
İade Aday Sayısı: 0
İşlem Bitti.

--- 2026-02-07 11:34:22 ---
Personel: 120, Sonuç: Sayaç Kullanıma açıldı, Miktar: 11, İşlemID: 6c1c5350398b4bef04de1d28e19d37b1
Zimmet Aday Sayısı: 0
İade Aday Sayısı: 0
İşlem Bitti.

--- 2026-02-07 11:34:23 ---
Personel: 109, Sonuç: Sayaç Kullanıma açıldı, Miktar: 8, İşlemID: 96cb969114aff88f23f1f08ccd3df655
Zimmet Aday Sayısı: 0
İade Aday Sayısı: 0
İşlem Bitti.

--- 2026-02-07 11:34:23 ---
Personel: 103, Sonuç: KULLANIM YOK, Miktar: 2, İşlemID: 83fe32f84504142cbf0f61c950a613ed
Zimmet Aday Sayısı: 0
İade Aday Sayısı: 0
İşlem Bitti.

--- 2026-02-07 11:34:24 ---
Personel: 103, Sonuç: TAPA SAĞLAM, Miktar: 1, İşlemID: 96cfada11d15556049e95f92b040f8d9
Zimmet Aday Sayısı: 0
İade Aday Sayısı: 0
İşlem Bitti.

--- 2026-02-07 11:34:25 ---
Personel: 135, Sonuç: APARAT KIRMA ÜCRETİ, Miktar: 1, İşlemID: 339d3b0e7e3cb1938e3343e7d907814f
Zimmet Aday Sayısı: 0
İade Aday Sayısı: 0
İşlem Bitti.

--- 2026-02-07 11:34:26 ---
Personel: 135, Sonuç: APARATLA KESİM YAPILDI., Miktar: 7, İşlemID: f26689ef120474eb5e1a185579e1f5ef
Zimmet Aday Sayısı: 1
Zimmet İşleniyor: Kesme Aparatı (ID: 17)
Zimmet Başarılı!
İade Aday Sayısı: 0
İşlem Bitti.

--- 2026-02-07 11:34:26 ---
Personel: 135, Sonuç: Kapalı, Miktar: 9, İşlemID: e2a81e18c232b0f41e46a7480db40197
Zimmet Aday Sayısı: 0
İade Aday Sayısı: 0
İşlem Bitti.

--- 2026-02-07 11:34:29 ---
Personel: 135, Sonuç: TAPA SAĞLAM, Miktar: 3, İşlemID: ce430db215701af853477bb559ac86fc
Zimmet Aday Sayısı: 0
İade Aday Sayısı: 0
İşlem Bitti.

--- 2026-02-07 11:34:30 ---
Personel: 135, Sonuç: Ödeme Yaptırıldı, Miktar: 23, İşlemID: 65d896c47d2d13a8668f496399d47443
Zimmet Aday Sayısı: 0
İade Aday Sayısı: 0
İşlem Bitti.

--- 2026-02-07 11:34:30 ---
Personel: 118, Sonuç: APARAT KIRMA ÜCRETİ, Miktar: 3, İşlemID: 9a717128ad53a6ffde4f3c7371f23667
Zimmet Aday Sayısı: 0
İade Aday Sayısı: 0
İşlem Bitti.

--- 2026-02-07 11:34:30 ---
Personel: 118, Sonuç: APARATLA KESİM YAPILDI., Miktar: 19, İşlemID: 7e246e8a50bb98e372e5fdf18856ceda
Zimmet Aday Sayısı: 1
Zimmet İşleniyor: Kesme Aparatı (ID: 17)
Zimmet Başarılı!
İade Aday Sayısı: 0
İşlem Bitti.

--- 2026-02-07 11:34:35 ---
Personel: 118, Sonuç: Kapalı, Miktar: 2, İşlemID: 879b8151ac670448f7a6178b06c1a2f4
Zimmet Aday Sayısı: 0
İade Aday Sayısı: 0
İşlem Bitti.

--- 2026-02-07 11:34:36 ---
Personel: 118, Sonuç: TAPA SAĞLAM, Miktar: 1, İşlemID: b6226adf8c8543c6ca5037a92e29405c
Zimmet Aday Sayısı: 0
İade Aday Sayısı: 0
İşlem Bitti.

--- 2026-02-07 11:34:37 ---
Personel: 142, Sonuç: APARAT KIRMA ÜCRETİ, Miktar: 2, İşlemID: 099efe328935f6d098a4d4db76702fdf
Zimmet Aday Sayısı: 0
İade Aday Sayısı: 0
İşlem Bitti.

--- 2026-02-07 11:34:37 ---
Personel: 142, Sonuç: APARATLA KESİM YAPILDI., Miktar: 6, İşlemID: 3355da863bc3e2753193be2345473c0f
Zimmet Aday Sayısı: 1
Zimmet İşleniyor: Kesme Aparatı (ID: 17)
Zimmet Başarılı!
İade Aday Sayısı: 0
İşlem Bitti.

--- 2026-02-07 11:34:39 ---
Personel: 142, Sonuç: Kapalı, Miktar: 6, İşlemID: edf6ca920bd3b4ee74c3f4e78482a982
Zimmet Aday Sayısı: 0
İade Aday Sayısı: 0
İşlem Bitti.

--- 2026-02-07 11:34:40 ---
Personel: 142, Sonuç: TAPA SAĞLAM, Miktar: 1, İşlemID: d2ad6be58ec0bddf20665e7da0442df9
Zimmet Aday Sayısı: 0
İade Aday Sayısı: 0
İşlem Bitti.

--- 2026-02-07 11:34:40 ---
Personel: 142, Sonuç: Ödeme Yaptırıldı, Miktar: 35, İşlemID: bec2d75d694bbf8f9bc1c939a1c3a314
Zimmet Aday Sayısı: 0
İade Aday Sayısı: 0
İşlem Bitti.

--- 2026-02-07 11:34:41 ---
Personel: 77, Sonuç: ABONE MÜSADE ETMEDİ., Miktar: 1, İşlemID: 7b9ca233a1b7b1033cd8cf4b9b40d0f7
Zimmet Aday Sayısı: 0
İade Aday Sayısı: 0
İşlem Bitti.

--- 2026-02-07 11:34:43 ---
Personel: 77, Sonuç: APARAT KIRMA ÜCRETİ, Miktar: 3, İşlemID: e9d10c553da8984fd6ff07d139e6308c
Zimmet Aday Sayısı: 0
İade Aday Sayısı: 0
İşlem Bitti.

--- 2026-02-07 11:34:44 ---
Personel: 77, Sonuç: APARATLA KESİM YAPILDI., Miktar: 21, İşlemID: 2f71cdc4da53bc465b65700b971ddd0e
Zimmet Aday Sayısı: 1
Zimmet İşleniyor: Kesme Aparatı (ID: 17)
Zimmet Başarılı!
İade Aday Sayısı: 0
İşlem Bitti.

--- 2026-02-07 11:34:47 ---
Personel: 77, Sonuç: Kapalı, Miktar: 1, İşlemID: ac9f388d97cfa19624cdfd97a8d16ec6
Zimmet Aday Sayısı: 0
İade Aday Sayısı: 0
İşlem Bitti.

--- 2026-02-07 11:34:47 ---
Personel: 77, Sonuç: TAPA SAĞLAM, Miktar: 1, İşlemID: 6dc84763bc7f4b7bf800edbb2615846f
Zimmet Aday Sayısı: 0
İade Aday Sayısı: 0
İşlem Bitti.

--- 2026-02-07 11:34:47 ---
Personel: 77, Sonuç: Ödeme Yaptırıldı, Miktar: 2, İşlemID: ce8ccaa7a76cd5360d3c84594262f1b7
Zimmet Aday Sayısı: 0
İade Aday Sayısı: 0
İşlem Bitti.

--- 2026-02-07 11:34:47 ---
Personel: 145, Sonuç: ABONE MÜSADE ETMEDİ., Miktar: 2, İşlemID: 447288be270e31d376c26870e5008765
Zimmet Aday Sayısı: 0
İade Aday Sayısı: 0
İşlem Bitti.

--- 2026-02-07 11:34:47 ---
Personel: 145, Sonuç: APARAT KIRMA ÜCRETİ, Miktar: 3, İşlemID: 4815355f72bd0e7ec081d31ae55718d2
Zimmet Aday Sayısı: 0
İade Aday Sayısı: 0
İşlem Bitti.

--- 2026-02-07 11:34:47 ---
Personel: 145, Sonuç: APARATLA KESİM YAPILDI., Miktar: 22, İşlemID: 43cb2d9fb2293f6222267a9a55eebeaf
Zimmet Aday Sayısı: 1
Zimmet İşleniyor: Kesme Aparatı (ID: 17)
Zimmet Başarılı!
İade Aday Sayısı: 0
İşlem Bitti.

--- 2026-02-07 11:34:49 ---
Personel: 145, Sonuç: Kapalı, Miktar: 4, İşlemID: fad2787825bef254977aa90e832a639d
Zimmet Aday Sayısı: 0
İade Aday Sayısı: 0
İşlem Bitti.

--- 2026-02-07 11:34:51 ---
Personel: 145, Sonuç: TAPA SAĞLAM, Miktar: 7, İşlemID: 06294657667ae40e1382e2dcede4fb23
Zimmet Aday Sayısı: 0
İade Aday Sayısı: 0
İşlem Bitti.

--- 2026-02-07 11:34:51 ---
Personel: 145, Sonuç: Ödeme Yaptırıldı, Miktar: 5, İşlemID: 20e331f2657a7f0448155c397856be79
Zimmet Aday Sayısı: 0
İade Aday Sayısı: 0
İşlem Bitti.

--- 2026-02-07 11:34:51 ---
Personel: 80, Sonuç: APARAT KIRMA ÜCRETİ, Miktar: 1, İşlemID: d2ac613745cbeef09d8f3cca340db0dd
Zimmet Aday Sayısı: 0
İade Aday Sayısı: 0
İşlem Bitti.

--- 2026-02-07 11:34:51 ---
Personel: 80, Sonuç: APARATLA KESİM YAPILDI., Miktar: 14, İşlemID: 652c07e83be7ea9e07a71492f059fb63
Zimmet Aday Sayısı: 1
Zimmet İşleniyor: Kesme Aparatı (ID: 17)
Zimmet Başarılı!
İade Aday Sayısı: 0
İşlem Bitti.

--- 2026-02-07 11:34:52 ---
Personel: 80, Sonuç: Kapalı, Miktar: 1, İşlemID: c8aeeb93965aa61c9fad73e739bb8d2c
Zimmet Aday Sayısı: 0
İade Aday Sayısı: 0
İşlem Bitti.

--- 2026-02-07 11:34:52 ---
Personel: 80, Sonuç: TAPA SAĞLAM, Miktar: 5, İşlemID: 7aa060bb1fae44f61eaf3402b230c8b9
Zimmet Aday Sayısı: 0
İade Aday Sayısı: 0
İşlem Bitti.

--- 2026-02-07 11:34:53 ---
Personel: 80, Sonuç: Ödeme Yaptırıldı, Miktar: 37, İşlemID: 4cc06224e9aac17f62692fa2f4cbf4fa
Zimmet Aday Sayısı: 0
İade Aday Sayısı: 0
İşlem Bitti.

--- 2026-02-07 11:34:54 ---
Personel: 127, Sonuç: ABONE MÜSADE ETMEDİ., Miktar: 5, İşlemID: 2fa8727cb3acb216f7a50a2ef5fa84f2
Zimmet Aday Sayısı: 0
İade Aday Sayısı: 0
İşlem Bitti.

--- 2026-02-07 11:34:54 ---
Personel: 127, Sonuç: APARATLA KESİM YAPILDI., Miktar: 15, İşlemID: fd34e905a263ac1489144c35062c6a56
Zimmet Aday Sayısı: 1
Zimmet İşleniyor: Kesme Aparatı (ID: 17)
Zimmet Başarılı!
İade Aday Sayısı: 0
İşlem Bitti.

--- 2026-02-07 11:34:55 ---
Personel: 127, Sonuç: Kapalı, Miktar: 8, İşlemID: d5440ddb2d27d84cc3ab475d2aecd623
Zimmet Aday Sayısı: 0
İade Aday Sayısı: 0
İşlem Bitti.

--- 2026-02-07 11:34:55 ---
Personel: 127, Sonuç: TAPA SAĞLAM, Miktar: 2, İşlemID: 4c98f4782207b7c56e550dc52b3c08d1
Zimmet Aday Sayısı: 0
İade Aday Sayısı: 0
İşlem Bitti.

--- 2026-02-07 11:34:55 ---
Personel: 141, Sonuç: Ödeme Yaptırıldı, Miktar: 11, İşlemID: abdcafa8b0212c0d96b99d45360fa18e
Zimmet Aday Sayısı: 0
İade Aday Sayısı: 0
İşlem Bitti.

--- 2026-02-07 11:34:56 ---
Personel: 101, Sonuç: Ödeme Yaptırıldı, Miktar: 7, İşlemID: b4657e6df93ba09a2ccc959f6636a1c0
Zimmet Aday Sayısı: 0
İade Aday Sayısı: 0
İşlem Bitti.

--- 2026-02-07 11:34:56 ---
Personel: 122, Sonuç: APARATLA KESİM YAPILDI., Miktar: 11, İşlemID: 2e86a45a62f2ed8669d2a7af8b3e353c
Zimmet Aday Sayısı: 1
Zimmet İşleniyor: Kesme Aparatı (ID: 17)
Zimmet Başarılı!
İade Aday Sayısı: 0
İşlem Bitti.

--- 2026-02-07 11:34:56 ---
Personel: 122, Sonuç: Kapalı, Miktar: 2, İşlemID: d1cf2eb15f2535081f642fa4fc935c5c
Zimmet Aday Sayısı: 0
İade Aday Sayısı: 0
İşlem Bitti.

--- 2026-02-07 11:34:56 ---
Personel: 122, Sonuç: Ödeme Yaptırıldı, Miktar: 18, İşlemID: 9d53553305f294b5a2ef546590172037
Zimmet Aday Sayısı: 0
İade Aday Sayısı: 0
İşlem Bitti.

--- 2026-02-07 11:34:56 ---
Personel: 146, Sonuç: Ödeme Yaptırıldı, Miktar: 9, İşlemID: 798c33b0352b8f591ce6a9b1d7cd5258
Zimmet Aday Sayısı: 0
İade Aday Sayısı: 0
İşlem Bitti.

--- 2026-02-07 11:34:56 ---
Personel: 139, Sonuç: Ödeme Yaptırıldı, Miktar: 9, İşlemID: acba8825bf2a5e48bf4173a5c254ddd2
Zimmet Aday Sayısı: 0
İade Aday Sayısı: 0
İşlem Bitti.

--- 2026-02-07 11:34:56 ---
Personel: 128, Sonuç: Ödeme Yaptırıldı, Miktar: 2, İşlemID: 39e27d5ea853f846a63d094a8a02546f
Zimmet Aday Sayısı: 0
İade Aday Sayısı: 0
İşlem Bitti.

--- 2026-02-07 11:34:57 ---
Personel: 115, Sonuç: Ödeme Yaptırıldı, Miktar: 8, İşlemID: 9eb788d42c1446ff8d83fbd6c1cc345a
Zimmet Aday Sayısı: 0
İade Aday Sayısı: 0
İşlem Bitti.

--- 2026-02-07 11:34:57 ---
Personel: 123, Sonuç: Ödeme Yaptırıldı, Miktar: 62, İşlemID: cbcc969734946104d85b1fc9414e7c40
Zimmet Aday Sayısı: 0
İade Aday Sayısı: 0
İşlem Bitti.

--- 2026-02-07 11:34:58 ---
Personel: 113, Sonuç: ADREŞ YANLIŞ ABONE, Miktar: 9, İşlemID: 570240c8434b585c3093f9fbae53350d
Zimmet Aday Sayısı: 0
İade Aday Sayısı: 0
İşlem Bitti.

--- 2026-02-07 11:34:58 ---
Personel: 113, Sonuç: APARAT KIRMA ÜCRETİ, Miktar: 2, İşlemID: b11676906af9a92ea17d4ac30e8fb1f6
Zimmet Aday Sayısı: 0
İade Aday Sayısı: 0
İşlem Bitti.

--- 2026-02-07 11:34:58 ---
Personel: 113, Sonuç: APARATLA KESİM YAPILDI., Miktar: 4, İşlemID: 0750ba162d2a4db63954d0f943e6b365
Zimmet Aday Sayısı: 1
Zimmet İşleniyor: Kesme Aparatı (ID: 17)
Zimmet Başarılı!
İade Aday Sayısı: 0
İşlem Bitti.

--- 2026-02-07 11:35:00 ---
Personel: 113, Sonuç: Kapalı, Miktar: 15, İşlemID: 323f0eca872c74de7840826805350430
Zimmet Aday Sayısı: 0
İade Aday Sayısı: 0
İşlem Bitti.

--- 2026-02-07 11:35:01 ---
Personel: 113, Sonuç: Ödeme Yaptırıldı, Miktar: 1, İşlemID: 291ce177e860c93b5e5ba41c86c62ce4
Zimmet Aday Sayısı: 0
İade Aday Sayısı: 0
İşlem Bitti.

--- 2026-02-07 11:35:03 ---
Personel: 143, Sonuç: ADREŞ YANLIŞ ABONE, Miktar: 1, İşlemID: c42bc027ac15c6604702ef56314d391d
Zimmet Aday Sayısı: 0
İade Aday Sayısı: 0
İşlem Bitti.

--- 2026-02-07 11:35:03 ---
Personel: 143, Sonuç: APARAT KIRMA ÜCRETİ, Miktar: 2, İşlemID: 5f8f2b04485a598c2d0ebc9fc9877365
Zimmet Aday Sayısı: 0
İade Aday Sayısı: 0
İşlem Bitti.

--- 2026-02-07 11:35:05 ---
Personel: 143, Sonuç: APARATLA KESİM YAPILDI., Miktar: 22, İşlemID: 3485ea6972ebee0dabb35faee7d39334
Zimmet Aday Sayısı: 1
Zimmet İşleniyor: Kesme Aparatı (ID: 17)
Zimmet Başarılı!
İade Aday Sayısı: 0
İşlem Bitti.

--- 2026-02-07 11:35:06 ---
Personel: 143, Sonuç: DEPREMDE YIKILMIŞ, Miktar: 1, İşlemID: ad89797dbb78a07043f05a2ce8cc7423
Zimmet Aday Sayısı: 0
İade Aday Sayısı: 0
İşlem Bitti.

--- 2026-02-07 11:35:07 ---
Personel: 143, Sonuç: Kapalı, Miktar: 1, İşlemID: 08a1b138e41e10db33f39764dd77b933
Zimmet Aday Sayısı: 0
İade Aday Sayısı: 0
İşlem Bitti.

--- 2026-02-07 11:35:08 ---
Personel: 143, Sonuç: TAPA SAĞLAM, Miktar: 3, İşlemID: 4c668019e91a9ab6cad25f877ec95d7e
Zimmet Aday Sayısı: 0
İade Aday Sayısı: 0
İşlem Bitti.

--- 2026-02-07 11:35:08 ---
Personel: 143, Sonuç: Ödeme Yaptırıldı, Miktar: 7, İşlemID: 1d2691a4b48d3ed2ba6b27159dd8c3e8
Zimmet Aday Sayısı: 0
İade Aday Sayısı: 0
İşlem Bitti.

--- 2026-02-07 11:35:09 ---
Personel: 120, Sonuç: ABONE MÜSADE ETMEDİ., Miktar: 19, İşlemID: 446d52f0bad40e2df96a508173221ad6
Zimmet Aday Sayısı: 0
İade Aday Sayısı: 0
İşlem Bitti.

--- 2026-02-07 11:35:10 ---
Personel: 120, Sonuç: ADREŞ YANLIŞ ABONE, Miktar: 27, İşlemID: 58b817023afad527c97b574078e8516d
Zimmet Aday Sayısı: 0
İade Aday Sayısı: 0
İşlem Bitti.

--- 2026-02-07 11:35:10 ---
Personel: 120, Sonuç: APARAT KIRMA ÜCRETİ, Miktar: 1, İşlemID: 64efeefc5e143531f3b27a882fce7659
Zimmet Aday Sayısı: 0
İade Aday Sayısı: 0
İşlem Bitti.

--- 2026-02-07 11:35:14 ---
Personel: 120, Sonuç: APARATLA KESİM YAPILDI., Miktar: 15, İşlemID: bc6129b29870188a4e33b2babfc8a26a
Zimmet Aday Sayısı: 1
Zimmet İşleniyor: Kesme Aparatı (ID: 17)
Zimmet Başarılı!
İade Aday Sayısı: 0
İşlem Bitti.

--- 2026-02-07 11:35:16 ---
Personel: 120, Sonuç: DEPREMDE YIKILMIŞ, Miktar: 7, İşlemID: 16b380cfab8710110dc019c9624ea879
Zimmet Aday Sayısı: 0
İade Aday Sayısı: 0
İşlem Bitti.

--- 2026-02-07 11:35:16 ---
Personel: 120, Sonuç: Kapalı, Miktar: 29, İşlemID: 1d5a3be7abd6e2bc65a44bf2d603e51e
Zimmet Aday Sayısı: 0
İade Aday Sayısı: 0
İşlem Bitti.

--- 2026-02-07 11:35:18 ---
Personel: 120, Sonuç: TAPA SAĞLAM, Miktar: 1, İşlemID: 11e118800296a33b5cc0ccf3ebeeb8fa
Zimmet Aday Sayısı: 0
İade Aday Sayısı: 0
İşlem Bitti.

--- 2026-02-07 11:35:19 ---
Personel: 120, Sonuç: Ödeme Yaptırıldı, Miktar: 17, İşlemID: 6b1a56e4b077f12ed2eade1e8ecd3997
Zimmet Aday Sayısı: 0
İade Aday Sayısı: 0
İşlem Bitti.

--- 2026-02-07 11:35:19 ---
Personel: 98, Sonuç: ADREŞ YANLIŞ ABONE, Miktar: 1, İşlemID: 29ff82df5298679c36e24e0fb9dda3dc
Zimmet Aday Sayısı: 0
İade Aday Sayısı: 0
İşlem Bitti.

--- 2026-02-07 11:35:19 ---
Personel: 98, Sonuç: Ödeme Yaptırıldı, Miktar: 4, İşlemID: b492d544cfb7165d0e98fad5cf95eec9
Zimmet Aday Sayısı: 0
İade Aday Sayısı: 0
İşlem Bitti.

--- 2026-02-07 11:35:19 ---
Personel: 109, Sonuç: ABONE MÜSADE ETMEDİ., Miktar: 4, İşlemID: d2a76cff338b901fcd514f2bf80fade8
Zimmet Aday Sayısı: 0
İade Aday Sayısı: 0
İşlem Bitti.

--- 2026-02-07 11:35:19 ---
Personel: 109, Sonuç: ADREŞ YANLIŞ ABONE, Miktar: 2, İşlemID: 83ec3fb38bda240f7766bea2ea1fca9a
Zimmet Aday Sayısı: 0
İade Aday Sayısı: 0
İşlem Bitti.

--- 2026-02-07 11:35:19 ---
Personel: 109, Sonuç: APARAT KIRMA ÜCRETİ, Miktar: 1, İşlemID: a2760a225b5e1504cced7a207829dc3d
Zimmet Aday Sayısı: 0
İade Aday Sayısı: 0
İşlem Bitti.

--- 2026-02-07 11:35:19 ---
Personel: 109, Sonuç: APARATLA KESİM YAPILDI., Miktar: 6, İşlemID: 7e0fcc9e9e204ffacfa49b437e3094c8
Zimmet Aday Sayısı: 1
Zimmet İşleniyor: Kesme Aparatı (ID: 17)
Zimmet Başarılı!
İade Aday Sayısı: 0
İşlem Bitti.

--- 2026-02-07 11:35:19 ---
Personel: 109, Sonuç: Kapalı, Miktar: 10, İşlemID: dd3e6f72e9dd3d3e0f0e905c6397b33c
Zimmet Aday Sayısı: 0
İade Aday Sayısı: 0
İşlem Bitti.

--- 2026-02-07 11:35:19 ---
Personel: 109, Sonuç: Ödeme Yaptırıldı, Miktar: 9, İşlemID: 456bb1ba02b4292f7b9feb580cdcbbe2
Zimmet Aday Sayısı: 0
İade Aday Sayısı: 0
İşlem Bitti.

